<?xml version="1.0" encoding="utf-8"?><testsuites name="pytest tests"><testsuite name="pytest" errors="0" failures="0" skipped="0" tests="11" time="122.302" timestamp="2026-09-22T06:08:09.789673+00:00" hostname="agent-env-ef8fbd20-5375-48fb-a707-6385e566a9aa"><testcase classname="tests.test_prisma_api.TestImprove" name="test_improve_id" time="19.276" /><testcase classname="tests.test_prisma_api.TestValidation" name="test_too_short" time="1.731" /><testcase classname="tests.test_prisma_api.TestValidation" name="test_too_long" time="0.065" /><testcase classname="tests.test_prisma_api.TestValidation" name="test_context_too_long" time="0.061" /><testcase classname="tests.test_prisma_api.TestConfig" name="test_config" time="0.062" /><testcase classname="tests.test_prisma_api.TestRefactor" name="test_refactor_preserves_constraints" time="11.052" /><testcase classname="tests.test_prisma_api.TestBrainstorm" name="test_brainstorm_three_directions" time="26.492" /><testcase classname="tests.test_prisma_api.TestImprove" name="test_improve_en" time="11.543" /><testcase classname="tests.test_prisma_api.TestImprove" name="test_two_inputs_differ" time="37.044" /><testcase classname="tests.test_prisma_api.TestLens" name="test_lens_changes_output" time="75.744" /><testcase classname="tests.test_prisma_api.TestFollowUp" name="test_follow_up_preserves_constraint" time="6.550" /></testsuite></testsuites>