<?xml version="1.0" encoding="utf-8"?><testsuites name="pytest tests"><testsuite name="pytest" errors="0" failures="1" skipped="0" tests="25" time="195.156" timestamp="2026-09-22T06:24:08.350790+00:00" hostname="agent-env-ef8fbd20-5375-48fb-a707-6385e566a9aa"><testcase classname="tests.test_prisma_new_features.TestProviderEndpoint" name="test_invalid_base_url" time="0.156" /><testcase classname="tests.test_prisma_new_features.TestAutoLanguage" name="test_auto_english_input_produces_english" time="19.753" /><testcase classname="tests.test_prisma_new_features.TestProviderEndpoint" name="test_incomplete_missing_model" time="0.063" /><testcase classname="tests.test_prisma_new_features.TestProviderEndpoint" name="test_incomplete_missing_base_url" time="0.059" /><testcase classname="tests.test_prisma_new_features.TestProviderEndpoint" name="test_unauthorized" time="0.772" /><testcase classname="tests.test_prisma_new_features.TestProviderEndpoint" name="test_unauthorized_via_public_url_gets_cloudflare_html" time="0.468" /><testcase classname="tests.test_prisma_api.TestValidation" name="test_too_short" time="0.136" /><testcase classname="tests.test_prisma_api.TestValidation" name="test_too_long" time="0.072" /><testcase classname="tests.test_prisma_api.TestValidation" name="test_context_too_long" time="0.066" /><testcase classname="tests.test_prisma_api.TestImprove" name="test_improve_id" time="18.935" /><testcase classname="tests.test_prisma_new_features.TestAutoLanguage" name="test_auto_indonesian_input_produces_indonesian" time="18.649" /><testcase classname="tests.test_prisma_api.TestImprove" name="test_improve_en" time="19.855" /><testcase classname="tests.test_prisma_new_features.TestAutoLanguage" name="test_explicit_en_overrides" time="15.542" /><testcase classname="tests.test_prisma_api.TestImprove" name="test_two_inputs_differ" time="38.739" /><testcase classname="tests.test_prisma_new_features.TestAutoLanguage" name="test_explicit_id_overrides" time="21.413" /><testcase classname="tests.test_prisma_api.TestConfig" name="test_config" time="0.162" /><testcase classname="tests.test_prisma_api.TestRefactor" name="test_refactor_preserves_constraints" time="11.452"><failure message="AssertionError: assert ('Jumat' in 'Tuliskan panduan teknis migrasi database untuk sistem yang menggunakan PostgreSQL 16. Gunakan format prosa (bukan bullet list).' or 'friday' in 'tuliskan panduan teknis migrasi database untuk sistem yang menggunakan postgresql 16. gunakan format prosa (bukan bullet list).')&#10; +  where 'tuliskan panduan teknis migrasi database untuk sistem yang menggunakan postgresql 16. gunakan format prosa (bukan bullet list).' = &lt;built-in method lower of str object at 0xf9bae431a8c0&gt;()&#10; +    where &lt;built-in method lower of str object at 0xf9bae431a8c0&gt; = 'Tuliskan panduan teknis migrasi database untuk sistem yang menggunakan PostgreSQL 16. Gunakan format prosa (bukan bullet list).'.lower">tests/test_prisma_api.py:116: in test_refactor_preserves_constraints
    assert "Jumat" in fp or "friday" in fp.lower()
E   AssertionError: assert ('Jumat' in 'Tuliskan panduan teknis migrasi database untuk sistem yang menggunakan PostgreSQL 16. Gunakan format prosa (bukan bullet list).' or 'friday' in 'tuliskan panduan teknis migrasi database untuk sistem yang menggunakan postgresql 16. gunakan format prosa (bukan bullet list).')
E    +  where 'tuliskan panduan teknis migrasi database untuk sistem yang menggunakan postgresql 16. gunakan format prosa (bukan bullet list).' = &lt;built-in method lower of str object at 0xf9bae431a8c0&gt;()
E    +    where &lt;built-in method lower of str object at 0xf9bae431a8c0&gt; = 'Tuliskan panduan teknis migrasi database untuk sistem yang menggunakan PostgreSQL 16. Gunakan format prosa (bukan bullet list).'.lower</failure></testcase><testcase classname="tests.test_prisma_new_features.TestProcessWithProvider" name="test_invalid_base_url_no_fallback" time="0.116" /><testcase classname="tests.test_prisma_new_features.TestProcessWithProvider" name="test_provider_null_uses_default" time="9.946" /><testcase classname="tests.test_prisma_api.TestBrainstorm" name="test_brainstorm_three_directions" time="29.508" /><testcase classname="tests.test_prisma_new_features.TestProcessWithProvider" name="test_provider_omitted_uses_default" time="9.653" /><testcase classname="tests.test_prisma_api.TestFollowUp" name="test_follow_up_preserves_constraint" time="6.240" /><testcase classname="tests.test_prisma_new_features.TestNoApiKeyLeak" name="test_no_sk_in_backend_logs" time="0.016" /><testcase classname="tests.test_prisma_api.TestLens" name="test_lens_changes_output" time="77.923" /><testcase classname="tests.test_prisma_new_features.TestConfigCustomProviderFlag" name="test_supports_custom_provider_true" time="0.147" /></testsuite></testsuites>