<?xml version="1.0" encoding="utf-8"?><testsuites name="pytest tests"><testsuite name="pytest" errors="0" failures="0" skipped="0" tests="28" time="1.284" timestamp="2026-09-22T07:03:57.057905+00:00" hostname="agent-env-ef8fbd20-5375-48fb-a707-6385e566a9aa"><testcase classname="tests.test_rsi_replay.TestReplaySchema" name="test_duplicate_ids_rejected" time="0.000" /><testcase classname="tests.test_rsi_replay.TestReplayEndpoint" name="test_endpoint_returns_no_llm_calls" time="0.188" /><testcase classname="tests.test_rsi_replay.TestReplaySchema" name="test_future_parent_rejected" time="0.000" /><testcase classname="tests.test_rsi_replay.TestReplaySchema" name="test_multiple_children_non_root_rejected" time="0.000" /><testcase classname="tests.test_rsi_replay.TestReplaySchema" name="test_score_out_of_range_rejected" time="0.000" /><testcase classname="tests.test_rsi_replay.TestReplaySchema" name="test_nonfinite_score_rejected" time="0.000" /><testcase classname="tests.test_rsi_replay.TestReplaySchema" name="test_duplicate_worlds_rejected" time="0.000" /><testcase classname="tests.test_rsi_replay.TestReplaySchema" name="test_excess_nodes_rejected" time="0.000" /><testcase classname="tests.test_rsi_replay.TestReplaySchema" name="test_invalid_uuid_rejected" time="0.000" /><testcase classname="tests.test_rsi_replay.TestReplaySchema" name="test_extra_fields_rejected" time="0.000" /><testcase classname="tests.test_rsi_replay.TestRSIMalformedEvaluator" name="test_bad_evaluator_json_raises_ai_bad_evaluation" time="0.001" /><testcase classname="tests.test_rsi_replay.TestRSIMalformedEvaluator" name="test_evaluator_out_of_range_raises_ai_bad_evaluation" time="0.000" /><testcase classname="tests.test_rsi_replay.TestReplayEquation" name="test_value_equation_and_worlds_mean" time="0.000" /><testcase classname="tests.test_rsi_replay.TestReplayEquation" name="test_mean_over_worlds" time="0.000" /><testcase classname="tests.test_rsi_replay.TestReplayImmutableAndReset" name="test_input_worlds_not_mutated" time="0.000" /><testcase classname="tests.test_rsi_replay.TestReplayImmutableAndReset" name="test_no_parent_and_child_same_batch" time="0.000" /><testcase classname="tests.test_rsi_replay.TestReplayCaps" name="test_max_rounds_cap" time="0.000" /><testcase classname="tests.test_rsi_replay.TestReplayCaps" name="test_support_exhausted" time="0.000" /><testcase classname="tests.test_rsi_replay.TestRSICallBudget" name="test_happy_path_exactly_8_calls_and_status_stages" time="0.001" /><testcase classname="tests.test_rsi_replay.TestRSISelectedPolicyChangesParent" name="test_online_action_parent_matches_selected_policy" time="0.001" /><testcase classname="tests.test_rsi_replay.TestRSIAllConstraintsFailed" name="test_no_passing_candidate_raises" time="0.001" /><testcase classname="tests.test_rsi_replay.TestRSIBadCandidateJSON" name="test_bad_candidate_bubbles_up" time="0.000" /><testcase classname="tests.test_rsi_replay.TestRSIHistoryPassedToReplay" name="test_history_worlds_forwarded" time="0.001" /><testcase classname="tests.test_rsi_replay.TestReplayPrefixOnly" name="test_hidden_score_change_does_not_leak_into_decision" time="0.000" /><testcase classname="tests.test_rsi_replay.TestReplayIncumbentTie" name="test_incumbent_wins_ties" time="0.000" /><testcase classname="tests.test_rsi_replay.TestPaperArtifact" name="test_dream_rsi_prisma_md_served" time="0.214" /><testcase classname="tests.test_rsi_replay.TestReplayEndpoint" name="test_endpoint_rejects_extra_fields" time="0.132" /><testcase classname="tests.test_rsi_replay.TestReplayEndpoint" name="test_endpoint_needs_two_nodes" time="0.134" /></testsuite></testsuites>